<?xml version="1.0" encoding="UTF-8"?>
<testng-results ignored="0" total="1" passed="1" failed="0" skipped="0">
  <reporter-output>
  </reporter-output>
  <suite started-at="2023-12-20T12:17:43 CET" name="Gradle suite" finished-at="2023-12-20T12:17:52 CET" duration-ms="9935">
    <groups>
    </groups>
    <test started-at="2023-12-20T12:17:43 CET" name="Gradle test" finished-at="2023-12-20T12:17:52 CET" duration-ms="9935">
      <class name="frontend.ExampleFrontendTest">
        <test-method is-config="true" signature="setUp()[pri:0, instance:frontend.ExampleFrontendTest@659499f1]" started-at="2023-12-20T12:17:43 CET" name="setUp" finished-at="2023-12-20T12:17:43 CET" duration-ms="925" status="PASS">
          <reporter-output>
          </reporter-output>
        </test-method> <!-- setUp -->
        <test-method signature="goToSupportPage()[pri:0, instance:frontend.ExampleFrontendTest@659499f1]" started-at="2023-12-20T12:17:43 CET" name="goToSupportPage" finished-at="2023-12-20T12:17:52 CET" duration-ms="8894" status="PASS">
          <reporter-output>
          </reporter-output>
        </test-method> <!-- goToSupportPage -->
        <test-method is-config="true" signature="tearDown()[pri:0, instance:frontend.ExampleFrontendTest@659499f1]" started-at="2023-12-20T12:17:52 CET" name="tearDown" finished-at="2023-12-20T12:17:52 CET" duration-ms="99" status="PASS">
          <reporter-output>
          </reporter-output>
        </test-method> <!-- tearDown -->
      </class> <!-- frontend.ExampleFrontendTest -->
    </test> <!-- Gradle test -->
  </suite> <!-- Gradle suite -->
</testng-results>
